<?xml version="1.0" encoding="UTF-8"?>
<!-- Generated by org.testng.reporters.JUnitReportReporter -->
<testsuite hostname="DESKTOP-BSSONCN" failures="0" tests="1" name="CucumberOptions.TestNGRunner" time="4.005" errors="0" timestamp="2024-01-31T12:30:18 IST" skipped="0">
  <testcase classname="CucumberOptions.TestNGRunner" name="runScenario" time="4.005"/>
</testsuite> <!-- CucumberOptions.TestNGRunner -->
